2024-05-29 15:28:00,041 [Worker-5: Loading available Gradle versions] INFO  o.e.b.c.i.u.g.PublishedGradleVersions - Gradle version information cache is up-to-date. Trying to read.
2024-05-29 15:28:54,111 [JGit-FileStoreAttributeWriter-5] WARN  org.eclipse.jgit.util.FS - locking FileBasedConfig[C:\Users\shivh\.config\jgit\config] failed after 5 retries
2024-05-29 15:29:00,842 [Worker-9: Building] INFO  o.e.m.c.i.l.LifecycleMappingFactory - Using org.eclipse.m2e.jdt.JarLifecycleMapping lifecycle mapping for MavenProject: Gtenseliam:Gtenseliam:0.0.1-SNAPSHOT @ E:\workspace\eclipsejava\Gtenseliam\pom.xml.
2024-05-29 15:29:00,842 [Worker-3: Updating Maven Dependencies] INFO  o.e.m.c.i.l.LifecycleMappingFactory - Using org.eclipse.m2e.jdt.JarLifecycleMapping lifecycle mapping for MavenProject: Gtenseliam:Gtenseliam:0.0.1-SNAPSHOT @ E:\workspace\eclipsejava\Gtenseliam\pom.xml.
2024-05-29 15:29:11,219 [Worker-9: Building] INFO  o.a.m.s.f.DefaultMavenResourcesFiltering - skip non existing resourceDirectory E:\workspace\eclipsejava\Gtenseliam\src\main\resources
2024-05-29 15:29:11,225 [Worker-9: Building] INFO  o.a.m.s.f.DefaultMavenResourcesFiltering - skip non existing resourceDirectory E:\workspace\eclipsejava\Gtenseliam\src\test\resources
2024-05-29 15:29:11,748 [Worker-10: Building] INFO  o.a.m.s.f.DefaultMavenResourcesFiltering - skip non existing resourceDirectory E:\workspace\eclipsejava\Gtenseliam\src\main\resources
2024-05-29 15:29:11,751 [Worker-10: Building] INFO  o.a.m.s.f.DefaultMavenResourcesFiltering - skip non existing resourceDirectory E:\workspace\eclipsejava\Gtenseliam\src\test\resources
2024-05-29 15:29:12,164 [Worker-10: Building] INFO  o.e.m.c.i.l.LifecycleMappingFactory - Using org.eclipse.m2e.jdt.JarLifecycleMapping lifecycle mapping for MavenProject: shivamgtenseliam:shivamgtenseliam:0.0.1-SNAPSHOT @ E:\workspace\eclipsejava\shivamgtenseliam\pom.xml.
2024-05-29 15:29:13,736 [Worker-10: Building] INFO  o.a.m.s.f.DefaultMavenResourcesFiltering - skip non existing resourceDirectory E:\workspace\eclipsejava\shivamgtenseliam\src\main\resources
2024-05-29 15:29:13,741 [Worker-10: Building] INFO  o.a.m.s.f.DefaultMavenResourcesFiltering - skip non existing resourceDirectory E:\workspace\eclipsejava\shivamgtenseliam\src\test\resources
2024-05-29 15:29:14,348 [Worker-8: Updating Maven Dependencies] INFO  o.e.m.c.i.l.LifecycleMappingFactory - Using org.eclipse.m2e.jdt.JarLifecycleMapping lifecycle mapping for MavenProject: Gtenseliam:Gtenseliam:0.0.1-SNAPSHOT @ E:\workspace\eclipsejava\Gtenseliam\pom.xml.
2024-05-29 15:29:15,753 [Worker-6: Building] INFO  o.a.m.s.f.DefaultMavenResourcesFiltering - skip non existing resourceDirectory E:\workspace\eclipsejava\shivamgtenseliam\src\main\resources
2024-05-29 15:29:15,756 [Worker-6: Building] INFO  o.a.m.s.f.DefaultMavenResourcesFiltering - skip non existing resourceDirectory E:\workspace\eclipsejava\shivamgtenseliam\src\test\resources
2024-05-29 15:30:49,412 [Worker-0: Loading available Gradle versions] INFO  o.e.b.c.i.u.g.PublishedGradleVersions - Gradle version information cache is up-to-date. Trying to read.
2024-05-29 15:30:56,126 [JGit-FileStoreAttributeWriter-4] WARN  org.eclipse.jgit.util.FS - locking FileBasedConfig[C:\Users\shivh\.config\jgit\config] failed after 5 retries
2024-05-29 16:35:18,570 [Worker-0: Loading available Gradle versions] INFO  o.e.b.c.i.u.g.PublishedGradleVersions - Gradle version information cache is up-to-date. Trying to read.
2024-05-29 16:35:25,460 [JGit-FileStoreAttributeWriter-4] WARN  org.eclipse.jgit.util.FS - locking FileBasedConfig[C:\Users\shivh\.config\jgit\config] failed after 5 retries
2024-05-29 16:43:35,504 [Worker-0: Loading available Gradle versions] INFO  o.e.b.c.i.u.g.PublishedGradleVersions - Gradle version information cache is up-to-date. Trying to read.
2024-05-29 16:43:41,943 [JGit-FileStoreAttributeWriter-4] WARN  org.eclipse.jgit.util.FS - locking FileBasedConfig[C:\Users\shivh\.config\jgit\config] failed after 5 retries
